\BOOKMARK [1][]{section.1}{\376\377\116\000\060\001\000\040\225\356\230\230\221\315\217\360}{}% 1
\BOOKMARK [2][]{subsection.1.1}{\376\377\0001\000.\0001\000\040\225\356\230\230\200\314\146\157}{section.1}% 2
\BOOKMARK [2][]{subsection.1.2}{\376\377\0001\000.\0002\000\040\225\356\230\230\211\201\154\102}{section.1}% 3
\BOOKMARK [1][]{section.2}{\376\377\116\214\060\001\000\040\225\356\230\230\122\006\147\220}{}% 4
\BOOKMARK [1][]{section.3}{\376\377\116\011\060\001\000\040\152\041\127\213\120\107\213\276}{}% 5
\BOOKMARK [1][]{section.4}{\376\377\126\333\060\001\000\040\173\046\123\367\213\364\146\016}{}% 6
\BOOKMARK [1][]{section.5}{\376\377\116\224\060\001\000\040\152\041\127\213\166\204\136\372\172\313\124\214\154\102\211\343}{}% 7
\BOOKMARK [2][]{subsection.5.1}{\376\377\0005\000.\0001\000\040\145\160\143\156\166\204\123\357\211\306\123\026}{section.5}% 8
\BOOKMARK [3][]{subsubsection.5.1.1}{\376\377\0005\000.\0001\000.\0001\000\040\140\073\117\123\145\066\166\330\116\367}{subsection.5.1}% 9
\BOOKMARK [3][]{subsubsection.5.1.2}{\376\377\0005\000.\0001\000.\0002\000\040\145\066\166\330\116\367\123\312\142\020\116\244\230\235}{subsection.5.1}% 10
\BOOKMARK [3][]{subsubsection.5.1.3}{\376\377\0005\000.\0001\000.\0003\000\040\000k\176\277\126\376\123\312\127\107\176\277}{subsection.5.1}% 11
\BOOKMARK [3][]{subsubsection.5.1.4}{\376\377\0005\000.\0001\000.\0004\000\040\133\371\145\160\145\066\166\312\163\207}{subsection.5.1}% 12
\BOOKMARK [3][]{subsubsection.5.1.5}{\376\377\0005\000.\0001\000.\0005\000\040\166\370\121\163\174\373\145\160\167\351\226\065}{subsection.5.1}% 13
\BOOKMARK [2][]{subsection.5.2}{\376\377\0005\000.\0002\000\040\152\041\127\213\166\204\200\314\146\157}{section.5}% 14
\BOOKMARK [2][]{subsection.5.3}{\376\377\0005\000.\0003\000\040\127\107\120\074\000-\145\271\135\356\152\041\127\213}{section.5}% 15
\BOOKMARK [2][]{subsection.5.4}{\376\377\0005\000.\0004\000\040\127\107\120\074\000-\000C\000V\000A\000R\152\041\127\213}{section.5}% 16
\BOOKMARK [3][]{subsubsection.5.4.1}{\376\377\0005\000.\0004\000.\0001\000\040\000V\000a\000R\124\214\000C\000V\000a\000R\230\316\226\151\136\246\221\317\145\271\154\325}{subsection.5.4}% 17
\BOOKMARK [3][]{subsubsection.5.4.2}{\376\377\0005\000.\0004\000.\0002\000\040\127\107\120\074\000-\000C\000V\000a\000R\152\041\127\213\166\204\136\372\172\313}{subsection.5.4}% 18
\BOOKMARK [2][]{subsection.5.5}{\376\377\0005\000.\0005\000\040\126\340\133\120\122\006\147\220\220\011\123\326\200\241\171\150}{section.5}% 19
\BOOKMARK [3][]{subsubsection.5.5.1}{\376\377\0005\000.\0005\000.\0001\000\040\166\370\121\163\140\047\150\300\232\214}{subsection.5.5}% 20
\BOOKMARK [3][]{subsubsection.5.5.2}{\376\377\0005\000.\0005\000.\0002\000\040\377\053\377\055\377\057\150\300\232\214\124\214\135\364\162\171\122\051\162\171\164\003\137\142\150\300\232\214}{subsection.5.5}% 21
\BOOKMARK [3][]{subsubsection.5.5.3}{\376\377\0005\000.\0005\000.\0003\000\040\126\340\133\120\122\006\147\220}{subsection.5.5}% 22
\BOOKMARK [2][]{subsection.5.6}{\376\377\0005\000.\0006\000\040\153\143\140\001\140\047\150\300\232\214}{section.5}% 23
\BOOKMARK [2][]{subsection.5.7}{\376\377\0005\000.\0007\000\040\142\225\215\104\176\304\124\010\145\271\150\110}{section.5}% 24
\BOOKMARK [3][]{subsubsection.5.7.1}{\376\377\0005\000.\0007\000.\0001\000\040\127\107\120\074\000-\145\271\135\356\152\041\127\213}{subsection.5.7}% 25
\BOOKMARK [3][]{subsubsection.5.7.2}{\376\377\0005\000.\0007\000.\0002\000\040\127\107\120\074\000-\000C\000V\000a\000R\152\041\127\213}{subsection.5.7}% 26
\BOOKMARK [3][]{subsubsection.5.7.3}{\376\377\0005\000.\0007\000.\0003\000\040\116\044\152\041\127\213\154\107\140\073\116\016\122\006\147\220}{subsection.5.7}% 27
\BOOKMARK [1][]{section.6}{\376\377\121\155\060\001\000\040\152\041\127\213\166\204\213\304\116\367}{}% 28
\BOOKMARK [1][]{section*.24}{\376\377\123\302\200\003\145\207\163\056}{}% 29
\BOOKMARK [1][]{appendix.a.A}{\376\377\226\104\137\125\000\040\000A\000\040\116\343\170\001}{}% 30
