\BOOKMARK [1][]{section.1}{\376\377\116\000\060\001\000\040\225\356\230\230\221\315\217\360}{}% 1
\BOOKMARK [1][]{section.2}{\376\377\116\214\060\001\000\040\225\356\230\230\122\006\147\220}{}% 2
\BOOKMARK [2][]{subsection.2.1}{\376\377\0002\000.\0001\000\040\225\356\230\230\116\000\122\006\147\220}{section.2}% 3
\BOOKMARK [2][]{subsection.2.2}{\376\377\0002\000.\0002\000\040\225\356\230\230\116\214\122\006\147\220}{section.2}% 4
\BOOKMARK [2][]{subsection.2.3}{\376\377\0002\000.\0003\000\040\225\356\230\230\116\011\122\006\147\220}{section.2}% 5
\BOOKMARK [1][]{section.3}{\376\377\116\011\060\001\000\040\152\041\127\213\120\107\213\276}{}% 6
\BOOKMARK [1][]{section.4}{\376\377\126\333\060\001\000\040\173\046\123\367\213\364\146\016}{}% 7
\BOOKMARK [1][]{section.5}{\376\377\116\224\060\001\000\040\225\356\230\230\116\000\152\041\127\213}{}% 8
\BOOKMARK [2][]{subsection.5.1}{\376\377\0005\000.\0001\000\040\152\041\127\213\166\204\136\372\172\313}{section.5}% 9
\BOOKMARK [2][]{subsection.5.2}{\376\377\0005\000.\0002\000\040\152\041\127\213\166\204\154\102\211\343}{section.5}% 10
\BOOKMARK [1][]{section.6}{\376\377\121\155\060\001\000\040\225\356\230\230\116\214\152\041\127\213}{}% 11
\BOOKMARK [2][]{subsection.6.1}{\376\377\0006\000.\0001\000\040\152\041\127\213\166\204\136\372\172\313}{section.6}% 12
\BOOKMARK [2][]{subsection.6.2}{\376\377\0006\000.\0002\000\040\152\041\127\213\166\204\154\102\211\343\377\032\145\160\120\074\154\325}{section.6}% 13
\BOOKMARK [2][]{subsection.6.3}{\376\377\0006\000.\0003\000\040\152\041\127\213\166\204\217\321\117\074\377\032\217\321\117\074\211\343\147\220\211\343}{section.6}% 14
\BOOKMARK [1][]{section.7}{\376\377\116\003\060\001\000\040\225\356\230\230\116\011\152\041\127\213}{}% 15
\BOOKMARK [2][]{subsection.7.1}{\376\377\0007\000.\0001\000\040\0003\000-\0001\152\041\127\213}{section.7}% 16
\BOOKMARK [2][]{subsection.7.2}{\376\377\0007\000.\0002\000\040\0003\000-\0002\152\041\127\213}{section.7}% 17
\BOOKMARK [3][]{subsubsection.7.2.1}{\376\377\0007\000.\0002\000.\0001\000\040\154\102\211\343\145\271\154\325\0001\377\032\000o\000d\000e\0001\0005\000s}{subsection.7.2}% 18
\BOOKMARK [3][]{subsubsection.7.2.2}{\376\377\0007\000.\0002\000.\0002\000\040\154\102\211\343\145\271\154\325\0002\377\032\217\355\116\343\154\325\000+\000o\000d\000e\0004\0005}{subsection.7.2}% 19
\BOOKMARK [3][]{subsubsection.7.2.3}{\376\377\0007\000.\0002\000.\0003\000\040\0003\000-\0002\152\041\127\213\154\102\211\343\176\323\147\234}{subsection.7.2}% 20
\BOOKMARK [3][]{subsubsection.7.2.4}{\376\377\0007\000.\0002\000.\0004\000\040\0003\000-\0002\152\041\127\213\166\204\217\321\117\074\211\343\147\220\211\343}{subsection.7.2}% 21
\BOOKMARK [1][]{section.8}{\376\377\121\153\060\001\000\040\152\041\127\213\166\204\143\250\136\177}{}% 22
\BOOKMARK [1][]{section.9}{\376\377\116\135\060\001\000\040\152\041\127\213\166\204\213\304\116\367}{}% 23
\BOOKMARK [1][]{section*.23}{\376\377\123\302\200\003\145\207\163\056}{}% 24
\BOOKMARK [1][]{appendix.a.A}{\376\377\226\104\137\125\000\040\000A\000\040\116\343\170\001\145\207\116\366\122\027\210\150}{}% 25
\BOOKMARK [1][]{appendix.a.B}{\376\377\226\104\137\125\000\040\000B\000\040\116\343\170\001}{}% 26
